<?xml version="1.0" encoding="utf-8"?><testsuites name="pytest tests"><testsuite name="pytest" errors="0" failures="3" skipped="0" tests="90" time="64.400" timestamp="2026-07-16T17:48:11.989995+00:00" hostname="agent-env-41f771e8-5ab5-492b-b3d8-2b96912cc05b"><testcase classname="tests.backend_test.TestPublicContent" name="test_root" time="36.078" /><testcase classname="tests.backend_test.TestPatientAuthenticated" name="test_auth_me" time="12.488" /><testcase classname="tests.backend_test.TestPatientAuthenticated" name="test_patient_dashboard" time="0.185" /><testcase classname="tests.backend_test.TestPatientAuthenticated" name="test_patient_checkin" time="8.435" /><testcase classname="tests.backend_test.TestPatientAuthenticated" name="test_patient_appointment" time="0.177" /><testcase classname="tests.backend_test.TestPatientAuthenticated" name="test_patient_appointment_invalid_doctor" time="0.111" /><testcase classname="tests.backend_test.TestPatientAuthenticated" name="test_patient_goal" time="0.152" /><testcase classname="tests.backend_test.TestPatientAuthenticated" name="test_patient_cannot_access_doctor" time="0.123" /><testcase classname="tests.backend_test.TestPatientAuthenticated" name="test_patient_cannot_access_admin" time="0.145" /><testcase classname="tests.test_iteration3.TestSessionLifecycle" name="test_me_with_cookie_and_bearer" time="11.681" /><testcase classname="tests.test_iteration3.TestSessionLifecycle" name="test_me_unauthenticated_401" time="0.208" /><testcase classname="tests.test_iteration3.TestSessionLifecycle" name="test_refresh_rotates_access" time="1.403" /><testcase classname="tests.test_iteration3.TestSessionLifecycle" name="test_refresh_without_cookie_401" time="0.124" /><testcase classname="tests.test_iteration3.TestSessionLifecycle" name="test_refresh_with_access_token_as_refresh_401" time="0.468" /><testcase classname="tests.test_iteration3.TestSessionLifecycle" name="test_logout_clears_cookies" time="0.493" /><testcase classname="tests.backend_test.TestPublicContent" name="test_doctors" time="0.111" /><testcase classname="tests.backend_test.TestPublicContent" name="test_programs" time="0.105" /><testcase classname="tests.test_iteration4.TestChangePassword" name="test_change_password_success_revokes_all" time="10.209" /><testcase classname="tests.backend_test.TestPublicContent" name="test_plans" time="0.259" /><testcase classname="tests.backend_test.TestPublicContent" name="test_testimonials" time="0.343" /><testcase classname="tests.backend_test.TestPublicContent" name="test_blog_list" time="0.507" /><testcase classname="tests.backend_test.TestPublicContent" name="test_blog_filter_by_category" time="0.109" /><testcase classname="tests.backend_test.TestPublicContent" name="test_blog_detail" time="0.117" /><testcase classname="tests.backend_test.TestPublicContent" name="test_blog_detail_404" time="0.114" /><testcase classname="tests.backend_test.TestPublicContent" name="test_faqs" time="0.130" /><testcase classname="tests.backend_test.TestPublicContent" name="test_platform_stats" time="0.131" /><testcase classname="tests.backend_test.TestAuthUnauthenticated" name="test_me_no_cookie" time="0.098" /><testcase classname="tests.backend_test.TestAuthUnauthenticated" name="test_patient_dashboard_no_auth" time="0.105" /><testcase classname="tests.backend_test.TestAuthUnauthenticated" name="test_doctor_dashboard_no_auth" time="0.098" /><testcase classname="tests.backend_test.TestAuthUnauthenticated" name="test_admin_stats_no_auth" time="0.138" /><testcase classname="tests.backend_test.TestAdminAuthenticated" name="test_admin_stats" time="0.124" /><testcase classname="tests.backend_test.TestAdminAuthenticated" name="test_admin_users" time="8.461" /><testcase classname="tests.test_iteration4.TestChangePassword" name="test_change_password_wrong_current_401" time="0.615" /><testcase classname="tests.test_iteration4.TestChangePassword" name="test_change_password_requires_auth" time="0.134" /><testcase classname="tests.backend_test.TestAdminAuthenticated" name="test_admin_appointments" time="0.182" /><testcase classname="tests.test_iteration4.TestChangePassword" name="test_change_password_short_new_422" time="0.385" /><testcase classname="tests.backend_test.TestAdminAuthenticated" name="test_admin_can_access_doctor" time="0.291" /><testcase classname="tests.test_iteration2.TestMessaging" name="test_send_requires_auth" time="0.114" /><testcase classname="tests.test_iteration4.TestChangePassword" name="test_change_password_when_no_password_400" time="0.114" /><testcase classname="tests.test_iteration2.TestMessaging" name="test_send_unknown_recipient" time="0.119" /><testcase classname="tests.test_iteration2.TestOnboarding" name="test_onboarding_bmi_and_default_recommendation" time="0.127" /><testcase classname="tests.test_iteration2.TestMessaging" name="test_thread_deterministic_and_read_marking" time="0.548" /><testcase classname="tests.test_iteration2.TestOnboarding" name="test_onboarding_diabetes_recommendation" time="0.154" /><testcase classname="tests.test_iteration2.TestOnboarding" name="test_onboarding_pcos_recommendation" time="0.166" /><testcase classname="tests.test_iteration2.TestOnboarding" name="test_onboarding_no_auth_required" time="0.110" /><testcase classname="tests.test_iteration3.TestLogin" name="test_admin_login_success" time="0.350" /><testcase classname="tests.test_iteration2.TestMessaging" name="test_threads_list" time="0.978" /><testcase classname="tests.test_iteration3.TestLogin" name="test_login_wrong_password_401" time="0.681" /><testcase classname="tests.test_iteration3.TestLogin" name="test_login_unknown_email_401" time="0.104" /><testcase classname="tests.test_iteration3.TestRegister" name="test_register_success_sets_cookies_and_returns_user" time="0.570" /><testcase classname="tests.test_iteration3.TestLogin" name="test_login_brute_force_429" time="3.856" /><testcase classname="tests.test_iteration3.TestRegister" name="test_register_doctor_prefix" time="0.726" /><testcase classname="tests.test_iteration3.TestRegister" name="test_register_short_password_422" time="0.273" /><testcase classname="tests.test_iteration3.TestRegister" name="test_register_duplicate_409" time="0.995" /><testcase classname="tests.test_iteration2.TestLabOrders" name="test_create_lab_order_requires_auth" time="0.283" /><testcase classname="tests.test_iteration2.TestLabOrders" name="test_create_lab_order_success" time="0.482" /><testcase classname="tests.test_iteration2.TestLabOrders" name="test_create_lab_order_unknown_test" time="0.278" /><testcase classname="tests.test_iteration2.TestDoctorNotes" name="test_note_requires_doctor_role" time="0.558" /><testcase classname="tests.test_iteration4.TestAddPassword" name="test_add_password_google_only_success" time="0.134"><failure message="AssertionError: {&quot;detail&quot;:&quot;Please sign in again to change security settings.&quot;}&#10;assert 401 == 200&#10; +  where 401 = &lt;Response [401]&gt;.status_code">tests/test_iteration4.py:331: in test_add_password_google_only_success
    assert r.status_code == 200, r.text
E   AssertionError: {"detail":"Please sign in again to change security settings."}
E   assert 401 == 200
E    +  where 401 = &lt;Response [401]&gt;.status_code</failure></testcase><testcase classname="tests.test_iteration4.TestAddPassword" name="test_add_password_conflict_409_when_already_has_password" time="0.398" /><testcase classname="tests.test_iteration2.TestDoctorNotes" name="test_note_unknown_patient" time="0.287" /><testcase classname="tests.test_iteration2.TestDoctorNotes" name="test_list_notes_requires_doctor" time="0.114" /><testcase classname="tests.test_iteration4.TestAddPassword" name="test_add_password_requires_auth" time="0.108" /><testcase classname="tests.test_iteration4.TestRefreshRotation" name="test_refresh_rotates_both_tokens" time="1.399" /><testcase classname="tests.test_iteration4.TestAddPassword" name="test_add_password_short_422" time="0.295"><failure message="assert 401 == 422&#10; +  where 401 = &lt;Response [401]&gt;.status_code">tests/test_iteration4.py:357: in test_add_password_short_422
    assert r.status_code == 422
E   assert 401 == 422
E    +  where 401 = &lt;Response [401]&gt;.status_code</failure></testcase><testcase classname="tests.test_iteration4.TestSecurityState" name="test_security_password_only_user" time="0.394" /><testcase classname="tests.test_iteration4.TestSecurityState" name="test_security_google_only_user" time="0.117" /><testcase classname="tests.test_iteration4.TestSecurityState" name="test_security_requires_auth" time="0.114" /><testcase classname="tests.backend_test.TestContactNewsletter" name="test_contact_submit" time="0.109" /><testcase classname="tests.backend_test.TestContactNewsletter" name="test_newsletter_subscribe" time="0.130" /><testcase classname="tests.backend_test.TestDoctorAuthenticated" name="test_doctor_dashboard" time="0.139" /><testcase classname="tests.backend_test.TestDoctorAuthenticated" name="test_doctor_cannot_access_admin" time="0.140" /><testcase classname="tests.test_iteration4.TestRefreshRotation" name="test_refresh_reuse_detection_revokes_family_401" time="0.647" /><testcase classname="tests.test_iteration2.TestLabReports" name="test_upload_lab_report_requires_auth" time="1.168" /><testcase classname="tests.test_iteration4.TestRefreshRotation" name="test_refresh_after_logout_fails" time="0.508" /><testcase classname="tests.test_iteration2.TestDoctorLabReports" name="test_doctor_can_view_lab_reports" time="0.437" /><testcase classname="tests.test_iteration2.TestLabReports" name="test_upload_lab_report_and_no_blob_returned" time="0.270" /><testcase classname="tests.test_iteration3.TestAdminAccess" name="test_admin_stats_users_appointments" time="0.722" /><testcase classname="tests.test_iteration2.TestDoctorLabReports" name="test_patient_cannot_view_doctor_lab_reports" time="0.272" /><testcase classname="tests.test_iteration4.TestRefreshSessionCreation" name="test_register_persists_refresh_jti" time="0.341" /><testcase classname="tests.test_iteration4.TestRefreshSessionCreation" name="test_login_persists_refresh_jti" time="0.916" /><testcase classname="tests.test_iteration3.TestAdminAccess" name="test_admin_endpoints_forbidden_for_patient" time="0.568" /><testcase classname="tests.backend_test.TestAIAssessment" name="test_ai_assessment_basic" time="4.716" /><testcase classname="tests.test_iteration2.TestLabTests" name="test_list_lab_tests_seeded" time="0.147" /><testcase classname="tests.test_iteration3.TestPasswordReset" name="test_forgot_password_no_enumeration_and_full_reset_flow" time="2.504" /><testcase classname="tests.test_iteration4.TestResetPasswordRevokesAll" name="test_reset_password_revokes_all_sessions" time="1.703" /><testcase classname="tests.test_iteration4.TestRegisterVsGoogleOnly" name="test_register_refuses_google_only_email_409" time="0.113" /><testcase classname="tests.test_iteration3.TestGoogleSessionFallback" name="test_session_token_bearer_still_works" time="0.257"><failure message="assert 401 == 200&#10; +  where 401 = &lt;Response [401]&gt;.status_code">tests/test_iteration3.py:311: in test_session_token_bearer_still_works
    assert r2.status_code == 200
E   assert 401 == 200
E    +  where 401 = &lt;Response [401]&gt;.status_code</failure></testcase><testcase classname="tests.test_iteration4.TestGoogleSessionRegression" name="test_google_session_token_authenticates_me" time="0.122" /><testcase classname="tests.test_iteration4.TestLogoutRevoke" name="test_logout_removes_current_refresh_session" time="0.450" /></testsuite></testsuites>