<?xml version="1.0" encoding="utf-8"?><testsuites name="pytest tests"><testsuite name="pytest" errors="0" failures="0" skipped="0" tests="25" time="6.674" timestamp="2026-07-16T17:52:30.799802+00:00" hostname="agent-env-41f771e8-5ab5-492b-b3d8-2b96912cc05b"><testcase classname="tests.test_iteration5.TestAddPasswordFreshAuthGuard" name="test_add_password_fresh_google_session_success" time="0.956" /><testcase classname="tests.test_iteration5.TestPublicContentRegression" name="test_doctors_returns_6" time="0.326" /><testcase classname="tests.test_iteration5.TestPublicContentRegression" name="test_programs_returns_4" time="0.216" /><testcase classname="tests.test_iteration5.TestPublicContentRegression" name="test_plans_returns_3" time="0.114" /><testcase classname="tests.test_iteration5.TestPublicContentRegression" name="test_testimonials_returns_4" time="0.245" /><testcase classname="tests.test_iteration5.TestPublicContentRegression" name="test_blog_returns_6" time="0.115" /><testcase classname="tests.test_iteration5.TestAddPasswordFreshAuthGuard" name="test_add_password_stale_session_401_with_specific_message" time="0.109" /><testcase classname="tests.test_iteration5.TestPublicContentRegression" name="test_faqs_returns_6" time="0.130" /><testcase classname="tests.test_iteration5.TestAddPasswordFreshAuthGuard" name="test_add_password_no_last_auth_at_401" time="0.117" /><testcase classname="tests.test_iteration5.TestPublicContentRegression" name="test_lab_tests_returns_6" time="0.119" /><testcase classname="tests.test_iteration5.TestLastAuthAtStamping" name="test_register_stamps_last_auth_at" time="0.391" /><testcase classname="tests.test_iteration5.TestPublicContentRegression" name="test_platform_stats_shape" time="0.253" /><testcase classname="tests.test_iteration5.TestSecurityShapeIter5" name="test_security_returns_fresh_auth_fields" time="1.020" /><testcase classname="tests.test_iteration5.TestLastAuthAtStamping" name="test_login_stamps_last_auth_at" time="0.868" /><testcase classname="tests.test_iteration5.TestLastAuthAtStamping" name="test_refresh_does_not_update_last_auth_at" time="1.860" /><testcase classname="tests.test_iteration5.TestSecurityShapeIter5" name="test_security_fresh_auth_false_when_stale" time="0.927" /><testcase classname="tests.test_iteration5.TestSecurityShapeIter5" name="test_security_google_only_user_fields_present" time="0.113" /><testcase classname="tests.test_iteration5.TestContactAndNewsletter" name="test_contact_form" time="0.129" /><testcase classname="tests.test_iteration5.TestContactAndNewsletter" name="test_newsletter" time="0.112" /><testcase classname="tests.test_iteration5.TestPatientEndpointsRegression" name="test_patient_dashboard_checkin_goal" time="0.560" /><testcase classname="tests.test_iteration5.TestAdminRegression" name="test_admin_stats" time="0.690" /><testcase classname="tests.test_iteration5.TestMessagesRegression" name="test_thread_list_smoke" time="0.538" /><testcase classname="tests.test_iteration5.TestRegisterGoogleOnly409" name="test_register_refuses_google_only_email" time="0.134" /><testcase classname="tests.test_iteration5.TestAdminRegression" name="test_admin_users" time="0.406" /><testcase classname="tests.test_iteration5.TestAdminRegression" name="test_admin_appointments" time="0.422" /></testsuite></testsuites>