<?xml version="1.0" encoding="utf-8"?><testsuites name="pytest tests"><testsuite name="pytest" errors="0" failures="0" skipped="0" tests="51" time="13.461" timestamp="2026-07-16T14:55:58.924406+00:00" hostname="agent-env-41f771e8-5ab5-492b-b3d8-2b96912cc05b"><testcase classname="tests.backend_test.TestPublicContent" name="test_root" time="0.176" /><testcase classname="tests.backend_test.TestPatientAuthenticated" name="test_auth_me" time="0.172" /><testcase classname="tests.backend_test.TestPublicContent" name="test_doctors" time="0.155" /><testcase classname="tests.backend_test.TestPatientAuthenticated" name="test_patient_dashboard" time="0.119" /><testcase classname="tests.backend_test.TestPatientAuthenticated" name="test_patient_checkin" time="0.271" /><testcase classname="tests.backend_test.TestPublicContent" name="test_programs" time="0.111" /><testcase classname="tests.backend_test.TestPublicContent" name="test_plans" time="0.130" /><testcase classname="tests.backend_test.TestPatientAuthenticated" name="test_patient_appointment" time="0.138" /><testcase classname="tests.backend_test.TestPublicContent" name="test_testimonials" time="0.172" /><testcase classname="tests.backend_test.TestPatientAuthenticated" name="test_patient_appointment_invalid_doctor" time="0.138" /><testcase classname="tests.backend_test.TestPublicContent" name="test_blog_list" time="0.153" /><testcase classname="tests.backend_test.TestPatientAuthenticated" name="test_patient_goal" time="0.144" /><testcase classname="tests.backend_test.TestPublicContent" name="test_blog_filter_by_category" time="0.109" /><testcase classname="tests.backend_test.TestPatientAuthenticated" name="test_patient_cannot_access_doctor" time="0.140" /><testcase classname="tests.backend_test.TestPublicContent" name="test_blog_detail" time="0.168" /><testcase classname="tests.backend_test.TestPatientAuthenticated" name="test_patient_cannot_access_admin" time="0.139" /><testcase classname="tests.backend_test.TestPublicContent" name="test_blog_detail_404" time="0.127" /><testcase classname="tests.backend_test.TestAuthUnauthenticated" name="test_me_no_cookie" time="0.138" /><testcase classname="tests.backend_test.TestPublicContent" name="test_faqs" time="0.118" /><testcase classname="tests.backend_test.TestAuthUnauthenticated" name="test_patient_dashboard_no_auth" time="0.114" /><testcase classname="tests.backend_test.TestPublicContent" name="test_platform_stats" time="0.135" /><testcase classname="tests.backend_test.TestAuthUnauthenticated" name="test_doctor_dashboard_no_auth" time="0.120" /><testcase classname="tests.backend_test.TestAdminAuthenticated" name="test_admin_stats" time="0.158" /><testcase classname="tests.backend_test.TestAuthUnauthenticated" name="test_admin_stats_no_auth" time="0.139" /><testcase classname="tests.backend_test.TestAdminAuthenticated" name="test_admin_users" time="0.141" /><testcase classname="tests.test_iteration2.TestMessaging" name="test_send_requires_auth" time="0.140" /><testcase classname="tests.backend_test.TestAdminAuthenticated" name="test_admin_appointments" time="0.136" /><testcase classname="tests.test_iteration2.TestMessaging" name="test_send_unknown_recipient" time="0.152" /><testcase classname="tests.backend_test.TestAdminAuthenticated" name="test_admin_can_access_doctor" time="0.155" /><testcase classname="tests.test_iteration2.TestMessaging" name="test_thread_deterministic_and_read_marking" time="0.472" /><testcase classname="tests.test_iteration2.TestOnboarding" name="test_onboarding_bmi_and_default_recommendation" time="0.112" /><testcase classname="tests.test_iteration2.TestOnboarding" name="test_onboarding_diabetes_recommendation" time="0.110" /><testcase classname="tests.test_iteration2.TestOnboarding" name="test_onboarding_pcos_recommendation" time="0.102" /><testcase classname="tests.test_iteration2.TestOnboarding" name="test_onboarding_no_auth_required" time="0.131" /><testcase classname="tests.test_iteration2.TestMessaging" name="test_threads_list" time="0.396" /><testcase classname="tests.test_iteration2.TestDoctorNotes" name="test_note_requires_doctor_role" time="0.388" /><testcase classname="tests.test_iteration2.TestLabOrders" name="test_create_lab_order_requires_auth" time="0.109" /><testcase classname="tests.test_iteration2.TestDoctorNotes" name="test_note_unknown_patient" time="0.114" /><testcase classname="tests.test_iteration2.TestLabOrders" name="test_create_lab_order_success" time="0.337" /><testcase classname="tests.test_iteration2.TestDoctorNotes" name="test_list_notes_requires_doctor" time="0.148" /><testcase classname="tests.backend_test.TestContactNewsletter" name="test_contact_submit" time="0.132" /><testcase classname="tests.test_iteration2.TestLabOrders" name="test_create_lab_order_unknown_test" time="0.152" /><testcase classname="tests.backend_test.TestContactNewsletter" name="test_newsletter_subscribe" time="0.110" /><testcase classname="tests.test_iteration2.TestLabReports" name="test_upload_lab_report_requires_auth" time="0.152" /><testcase classname="tests.backend_test.TestDoctorAuthenticated" name="test_doctor_dashboard" time="0.155" /><testcase classname="tests.test_iteration2.TestLabReports" name="test_upload_lab_report_and_no_blob_returned" time="0.221" /><testcase classname="tests.backend_test.TestDoctorAuthenticated" name="test_doctor_cannot_access_admin" time="0.147" /><testcase classname="tests.backend_test.TestAIAssessment" name="test_ai_assessment_basic" time="8.726" /><testcase classname="tests.test_iteration2.TestDoctorLabReports" name="test_doctor_can_view_lab_reports" time="3.885" /><testcase classname="tests.test_iteration2.TestDoctorLabReports" name="test_patient_cannot_view_doctor_lab_reports" time="0.144" /><testcase classname="tests.test_iteration2.TestLabTests" name="test_list_lab_tests_seeded" time="0.167" /></testsuite></testsuites>