<?xml version="1.0" encoding="utf-8"?><testsuites name="pytest tests"><testsuite name="pytest" errors="0" failures="2" skipped="0" tests="18" time="10.518" timestamp="2026-07-16T17:08:02.166056+00:00" hostname="agent-env-41f771e8-5ab5-492b-b3d8-2b96912cc05b"><testcase classname="tests.test_iteration3.TestRegister" name="test_register_success_sets_cookies_and_returns_user" time="0.761" /><testcase classname="tests.test_iteration3.TestSessionLifecycle" name="test_me_with_cookie_and_bearer" time="1.106" /><testcase classname="tests.test_iteration3.TestRegister" name="test_register_doctor_prefix" time="0.344" /><testcase classname="tests.test_iteration3.TestRegister" name="test_register_short_password_422" time="0.150" /><testcase classname="tests.test_iteration3.TestSessionLifecycle" name="test_me_unauthenticated_401" time="0.137" /><testcase classname="tests.test_iteration3.TestSessionLifecycle" name="test_refresh_rotates_access" time="1.449" /><testcase classname="tests.test_iteration3.TestRegister" name="test_register_duplicate_409" time="0.661" /><testcase classname="tests.test_iteration3.TestLogin" name="test_admin_login_success" time="0.434" /><testcase classname="tests.test_iteration3.TestLogin" name="test_login_wrong_password_401" time="0.729" /><testcase classname="tests.test_iteration3.TestSessionLifecycle" name="test_refresh_without_cookie_401" time="0.127" /><testcase classname="tests.test_iteration3.TestSessionLifecycle" name="test_refresh_with_access_token_as_refresh_401" time="0.816" /><testcase classname="tests.test_iteration3.TestLogin" name="test_login_unknown_email_401" time="0.210" /><testcase classname="tests.test_iteration3.TestLogin" name="test_login_brute_force_429" time="4.211"><failure message="AssertionError: expected a 429 in [401, 401, 401, 401, 401, 401]&#10;assert 429 in [401, 401, 401, 401, 401, 401]">backend/tests/test_iteration3.py:109: in test_login_brute_force_429
    assert 429 in codes, f"expected a 429 in {codes}"
E   AssertionError: expected a 429 in [401, 401, 401, 401, 401, 401]
E   assert 429 in [401, 401, 401, 401, 401, 401]</failure></testcase><testcase classname="tests.test_iteration3.TestSessionLifecycle" name="test_logout_clears_cookies" time="0.881" /><testcase classname="tests.test_iteration3.TestAdminAccess" name="test_admin_stats_users_appointments" time="1.016" /><testcase classname="tests.test_iteration3.TestAdminAccess" name="test_admin_endpoints_forbidden_for_patient" time="0.500" /><testcase classname="tests.test_iteration3.TestPasswordReset" name="test_forgot_password_no_enumeration_and_full_reset_flow" time="1.678"><failure message="AssertionError: reset token not found in backend logs&#10;assert None">backend/tests/test_iteration3.py:201: in test_forgot_password_no_enumeration_and_full_reset_flow
    assert m, "reset token not found in backend logs"
E   AssertionError: reset token not found in backend logs
E   assert None</failure></testcase><testcase classname="tests.test_iteration3.TestGoogleSessionFallback" name="test_session_token_bearer_still_works" time="0.346" /></testsuite></testsuites>