<?xml version="1.0" encoding="utf-8"?><testsuites name="pytest tests"><testsuite name="pytest" errors="0" failures="0" skipped="0" tests="69" time="23.020" timestamp="2026-07-16T17:09:26.200962+00:00" hostname="agent-env-41f771e8-5ab5-492b-b3d8-2b96912cc05b"><testcase classname="tests.backend_test.TestPublicContent" name="test_root" time="0.145" /><testcase classname="tests.backend_test.TestPatientAuthenticated" name="test_auth_me" time="0.203" /><testcase classname="tests.backend_test.TestPublicContent" name="test_doctors" time="0.115" /><testcase classname="tests.backend_test.TestPatientAuthenticated" name="test_patient_dashboard" time="0.116" /><testcase classname="tests.backend_test.TestPublicContent" name="test_programs" time="0.133" /><testcase classname="tests.backend_test.TestPatientAuthenticated" name="test_patient_checkin" time="0.297" /><testcase classname="tests.backend_test.TestPublicContent" name="test_plans" time="0.131" /><testcase classname="tests.backend_test.TestPublicContent" name="test_testimonials" time="0.136" /><testcase classname="tests.backend_test.TestPatientAuthenticated" name="test_patient_appointment" time="0.255" /><testcase classname="tests.backend_test.TestPublicContent" name="test_blog_list" time="0.120" /><testcase classname="tests.backend_test.TestPublicContent" name="test_blog_filter_by_category" time="0.136" /><testcase classname="tests.backend_test.TestPatientAuthenticated" name="test_patient_appointment_invalid_doctor" time="0.148" /><testcase classname="tests.backend_test.TestPublicContent" name="test_blog_detail" time="0.162" /><testcase classname="tests.backend_test.TestPatientAuthenticated" name="test_patient_goal" time="0.147" /><testcase classname="tests.backend_test.TestPublicContent" name="test_blog_detail_404" time="0.135" /><testcase classname="tests.backend_test.TestPatientAuthenticated" name="test_patient_cannot_access_doctor" time="0.132" /><testcase classname="tests.backend_test.TestPublicContent" name="test_faqs" time="0.108" /><testcase classname="tests.backend_test.TestPatientAuthenticated" name="test_patient_cannot_access_admin" time="0.157" /><testcase classname="tests.backend_test.TestPublicContent" name="test_platform_stats" time="0.211" /><testcase classname="tests.test_iteration3.TestSessionLifecycle" name="test_me_with_cookie_and_bearer" time="0.534" /><testcase classname="tests.backend_test.TestAuthUnauthenticated" name="test_me_no_cookie" time="0.248" /><testcase classname="tests.backend_test.TestAuthUnauthenticated" name="test_patient_dashboard_no_auth" time="0.165" /><testcase classname="tests.backend_test.TestAuthUnauthenticated" name="test_doctor_dashboard_no_auth" time="0.135" /><testcase classname="tests.test_iteration3.TestSessionLifecycle" name="test_me_unauthenticated_401" time="0.186" /><testcase classname="tests.backend_test.TestAuthUnauthenticated" name="test_admin_stats_no_auth" time="0.105" /><testcase classname="tests.test_iteration3.TestSessionLifecycle" name="test_refresh_rotates_access" time="1.496" /><testcase classname="tests.backend_test.TestAdminAuthenticated" name="test_admin_stats" time="0.122" /><testcase classname="tests.backend_test.TestAdminAuthenticated" name="test_admin_users" time="0.256" /><testcase classname="tests.backend_test.TestAdminAuthenticated" name="test_admin_appointments" time="0.161" /><testcase classname="tests.backend_test.TestAdminAuthenticated" name="test_admin_can_access_doctor" time="0.183" /><testcase classname="tests.test_iteration2.TestMessaging" name="test_send_requires_auth" time="0.116" /><testcase classname="tests.test_iteration2.TestMessaging" name="test_send_unknown_recipient" time="0.142" /><testcase classname="tests.test_iteration2.TestMessaging" name="test_thread_deterministic_and_read_marking" time="0.587" /><testcase classname="tests.test_iteration3.TestSessionLifecycle" name="test_refresh_without_cookie_401" time="0.136" /><testcase classname="tests.test_iteration2.TestMessaging" name="test_threads_list" time="0.508" /><testcase classname="tests.test_iteration3.TestSessionLifecycle" name="test_refresh_with_access_token_as_refresh_401" time="0.458" /><testcase classname="tests.test_iteration3.TestSessionLifecycle" name="test_logout_clears_cookies" time="0.565" /><testcase classname="tests.test_iteration2.TestOnboarding" name="test_onboarding_bmi_and_default_recommendation" time="0.109" /><testcase classname="tests.test_iteration2.TestOnboarding" name="test_onboarding_diabetes_recommendation" time="0.250" /><testcase classname="tests.test_iteration2.TestOnboarding" name="test_onboarding_pcos_recommendation" time="0.147" /><testcase classname="tests.test_iteration2.TestOnboarding" name="test_onboarding_no_auth_required" time="0.112" /><testcase classname="tests.test_iteration3.TestRegister" name="test_register_success_sets_cookies_and_returns_user" time="0.675" /><testcase classname="tests.test_iteration3.TestLogin" name="test_admin_login_success" time="0.616" /><testcase classname="tests.test_iteration3.TestLogin" name="test_login_wrong_password_401" time="1.188" /><testcase classname="tests.test_iteration3.TestRegister" name="test_register_doctor_prefix" time="0.404" /><testcase classname="tests.test_iteration3.TestRegister" name="test_register_short_password_422" time="0.205" /><testcase classname="tests.test_iteration3.TestRegister" name="test_register_duplicate_409" time="0.562" /><testcase classname="tests.test_iteration2.TestLabOrders" name="test_create_lab_order_requires_auth" time="0.127" /><testcase classname="tests.test_iteration3.TestLogin" name="test_login_unknown_email_401" time="0.166" /><testcase classname="tests.test_iteration2.TestLabOrders" name="test_create_lab_order_success" time="0.431" /><testcase classname="tests.test_iteration3.TestLogin" name="test_login_brute_force_429" time="3.468" /><testcase classname="tests.test_iteration2.TestLabOrders" name="test_create_lab_order_unknown_test" time="0.314" /><testcase classname="tests.backend_test.TestContactNewsletter" name="test_contact_submit" time="0.318" /><testcase classname="tests.backend_test.TestContactNewsletter" name="test_newsletter_subscribe" time="0.292" /><testcase classname="tests.backend_test.TestDoctorAuthenticated" name="test_doctor_dashboard" time="0.296" /><testcase classname="tests.backend_test.TestDoctorAuthenticated" name="test_doctor_cannot_access_admin" time="0.321" /><testcase classname="tests.test_iteration2.TestLabReports" name="test_upload_lab_report_requires_auth" time="0.260" /><testcase classname="tests.test_iteration2.TestLabReports" name="test_upload_lab_report_and_no_blob_returned" time="0.565" /><testcase classname="tests.test_iteration2.TestDoctorLabReports" name="test_doctor_can_view_lab_reports" time="0.780" /><testcase classname="tests.test_iteration2.TestDoctorNotes" name="test_note_requires_doctor_role" time="0.628" /><testcase classname="tests.test_iteration2.TestDoctorLabReports" name="test_patient_cannot_view_doctor_lab_reports" time="0.169" /><testcase classname="tests.test_iteration3.TestAdminAccess" name="test_admin_stats_users_appointments" time="0.571" /><testcase classname="tests.test_iteration2.TestDoctorNotes" name="test_note_unknown_patient" time="0.120" /><testcase classname="tests.test_iteration2.TestDoctorNotes" name="test_list_notes_requires_doctor" time="0.145" /><testcase classname="tests.test_iteration3.TestAdminAccess" name="test_admin_endpoints_forbidden_for_patient" time="0.433" /><testcase classname="tests.test_iteration2.TestLabTests" name="test_list_lab_tests_seeded" time="0.270" /><testcase classname="tests.test_iteration3.TestPasswordReset" name="test_forgot_password_no_enumeration_and_full_reset_flow" time="6.867" /><testcase classname="tests.backend_test.TestAIAssessment" name="test_ai_assessment_basic" time="10.231" /><testcase classname="tests.test_iteration3.TestGoogleSessionFallback" name="test_session_token_bearer_still_works" time="0.300" /></testsuite></testsuites>