<?xml version="1.0" encoding="utf-8"?><testsuites name="pytest tests"><testsuite name="pytest" errors="0" failures="1" skipped="0" tests="21" time="9.346" timestamp="2026-07-16T17:24:52.622524+00:00" hostname="agent-env-41f771e8-5ab5-492b-b3d8-2b96912cc05b"><testcase classname="tests.test_iteration4.TestAddPassword" name="test_add_password_google_only_success" time="1.335" /><testcase classname="tests.test_iteration4.TestChangePassword" name="test_change_password_success_revokes_all" time="2.655" /><testcase classname="tests.test_iteration4.TestAddPassword" name="test_add_password_conflict_409_when_already_has_password" time="1.003" /><testcase classname="tests.test_iteration4.TestAddPassword" name="test_add_password_requires_auth" time="0.312" /><testcase classname="tests.test_iteration4.TestAddPassword" name="test_add_password_short_422" time="0.120" /><testcase classname="tests.test_iteration4.TestChangePassword" name="test_change_password_wrong_current_401" time="0.891" /><testcase classname="tests.test_iteration4.TestRefreshRotation" name="test_refresh_rotates_both_tokens" time="1.523" /><testcase classname="tests.test_iteration4.TestChangePassword" name="test_change_password_requires_auth" time="0.108" /><testcase classname="tests.test_iteration4.TestChangePassword" name="test_change_password_short_new_422" time="0.384" /><testcase classname="tests.test_iteration4.TestChangePassword" name="test_change_password_when_no_password_400" time="0.136" /><testcase classname="tests.test_iteration4.TestSecurityState" name="test_security_password_only_user" time="0.665" /><testcase classname="tests.test_iteration4.TestRefreshRotation" name="test_refresh_reuse_detection_revokes_family_401" time="0.887" /><testcase classname="tests.test_iteration4.TestSecurityState" name="test_security_google_only_user" time="0.128" /><testcase classname="tests.test_iteration4.TestSecurityState" name="test_security_requires_auth" time="0.130" /><testcase classname="tests.test_iteration4.TestLogoutRevoke" name="test_logout_removes_current_refresh_session" time="0.663" /><testcase classname="tests.test_iteration4.TestRefreshRotation" name="test_refresh_after_logout_fails" time="0.660" /><testcase classname="tests.test_iteration4.TestResetPasswordRevokesAll" name="test_reset_password_revokes_all_sessions" time="2.338"><failure message="assert 400 == 200&#10; +  where 400 = &lt;Response [400]&gt;.status_code">backend/tests/test_iteration4.py:243: in test_reset_password_revokes_all_sessions
    assert r_ok.status_code == 200
E   assert 400 == 200
E    +  where 400 = &lt;Response [400]&gt;.status_code</failure></testcase><testcase classname="tests.test_iteration4.TestRefreshSessionCreation" name="test_register_persists_refresh_jti" time="0.495" /><testcase classname="tests.test_iteration4.TestRefreshSessionCreation" name="test_login_persists_refresh_jti" time="0.923" /><testcase classname="tests.test_iteration4.TestRegisterVsGoogleOnly" name="test_register_refuses_google_only_email_409" time="0.212" /><testcase classname="tests.test_iteration4.TestGoogleSessionRegression" name="test_google_session_token_authenticates_me" time="0.143" /></testsuite></testsuites>