<?xml version="1.0" encoding="utf-8"?><testsuites name="pytest tests"><testsuite name="pytest" errors="0" failures="0" skipped="0" tests="19" time="3.515" timestamp="2026-07-16T14:55:44.291514+00:00" hostname="agent-env-41f771e8-5ab5-492b-b3d8-2b96912cc05b"><testcase classname="tests.test_iteration2.TestOnboarding" name="test_onboarding_bmi_and_default_recommendation" time="0.289" /><testcase classname="tests.test_iteration2.TestMessaging" name="test_send_requires_auth" time="0.358" /><testcase classname="tests.test_iteration2.TestOnboarding" name="test_onboarding_diabetes_recommendation" time="0.132" /><testcase classname="tests.test_iteration2.TestMessaging" name="test_send_unknown_recipient" time="0.155" /><testcase classname="tests.test_iteration2.TestOnboarding" name="test_onboarding_pcos_recommendation" time="0.110" /><testcase classname="tests.test_iteration2.TestMessaging" name="test_thread_deterministic_and_read_marking" time="0.617" /><testcase classname="tests.test_iteration2.TestOnboarding" name="test_onboarding_no_auth_required" time="0.163" /><testcase classname="tests.test_iteration2.TestLabOrders" name="test_create_lab_order_requires_auth" time="0.187" /><testcase classname="tests.test_iteration2.TestLabOrders" name="test_create_lab_order_success" time="0.296" /><testcase classname="tests.test_iteration2.TestMessaging" name="test_threads_list" time="0.377" /><testcase classname="tests.test_iteration2.TestLabOrders" name="test_create_lab_order_unknown_test" time="0.114" /><testcase classname="tests.test_iteration2.TestLabReports" name="test_upload_lab_report_requires_auth" time="0.150" /><testcase classname="tests.test_iteration2.TestLabReports" name="test_upload_lab_report_and_no_blob_returned" time="0.270" /><testcase classname="tests.test_iteration2.TestDoctorNotes" name="test_note_requires_doctor_role" time="0.429" /><testcase classname="tests.test_iteration2.TestDoctorLabReports" name="test_doctor_can_view_lab_reports" time="0.408" /><testcase classname="tests.test_iteration2.TestDoctorNotes" name="test_note_unknown_patient" time="0.113" /><testcase classname="tests.test_iteration2.TestDoctorNotes" name="test_list_notes_requires_doctor" time="0.180" /><testcase classname="tests.test_iteration2.TestDoctorLabReports" name="test_patient_cannot_view_doctor_lab_reports" time="0.133" /><testcase classname="tests.test_iteration2.TestLabTests" name="test_list_lab_tests_seeded" time="0.107" /></testsuite></testsuites>