<?xml version="1.0" encoding="utf-8"?><testsuites name="pytest tests"><testsuite name="pytest" errors="0" failures="6" skipped="0" tests="90" time="23.323" timestamp="2026-07-16T17:47:30.943594+00:00" hostname="agent-env-41f771e8-5ab5-492b-b3d8-2b96912cc05b"><testcase classname="tests.test_iteration2.TestOnboarding" name="test_onboarding_bmi_and_default_recommendation" time="0.525" /><testcase classname="tests.test_iteration2.TestMessaging" name="test_send_requires_auth" time="0.523" /><testcase classname="tests.backend_test.TestPublicContent" name="test_root" time="0.539" /><testcase classname="tests.test_iteration4.TestChangePassword" name="test_change_password_success_revokes_all" time="3.568" /><testcase classname="tests.backend_test.TestAuthUnauthenticated" name="test_me_no_cookie" time="0.298" /><testcase classname="tests.test_iteration3.TestSessionLifecycle" name="test_me_with_cookie_and_bearer" time="1.159" /><testcase classname="tests.backend_test.TestPatientAuthenticated" name="test_auth_me" time="0.535" /><testcase classname="tests.backend_test.TestAdminAuthenticated" name="test_admin_stats" time="0.796" /><testcase classname="tests.backend_test.TestAuthUnauthenticated" name="test_patient_dashboard_no_auth" time="0.232" /><testcase classname="tests.test_iteration2.TestOnboarding" name="test_onboarding_diabetes_recommendation" time="0.249" /><testcase classname="tests.test_iteration2.TestMessaging" name="test_send_unknown_recipient" time="0.274" /><testcase classname="tests.backend_test.TestAuthUnauthenticated" name="test_doctor_dashboard_no_auth" time="0.243" /><testcase classname="tests.backend_test.TestPublicContent" name="test_doctors" time="0.257" /><testcase classname="tests.backend_test.TestPatientAuthenticated" name="test_patient_dashboard" time="0.262" /><testcase classname="tests.test_iteration2.TestOnboarding" name="test_onboarding_pcos_recommendation" time="0.175" /><testcase classname="tests.backend_test.TestAuthUnauthenticated" name="test_admin_stats_no_auth" time="0.137" /><testcase classname="tests.backend_test.TestPublicContent" name="test_programs" time="0.356" /><testcase classname="tests.backend_test.TestPatientAuthenticated" name="test_patient_checkin" time="2.190" /><testcase classname="tests.backend_test.TestAdminAuthenticated" name="test_admin_users" time="0.595" /><testcase classname="tests.test_iteration2.TestMessaging" name="test_thread_deterministic_and_read_marking" time="2.598" /><testcase classname="tests.test_iteration3.TestRegister" name="test_register_success_sets_cookies_and_returns_user" time="0.713" /><testcase classname="tests.test_iteration2.TestOnboarding" name="test_onboarding_no_auth_required" time="0.203" /><testcase classname="tests.backend_test.TestPublicContent" name="test_plans" time="0.237" /><testcase classname="tests.test_iteration3.TestLogin" name="test_admin_login_success" time="1.149" /><testcase classname="tests.test_iteration3.TestSessionLifecycle" name="test_me_unauthenticated_401" time="0.223" /><testcase classname="tests.test_iteration3.TestSessionLifecycle" name="test_refresh_rotates_access" time="2.673" /><testcase classname="tests.backend_test.TestPublicContent" name="test_testimonials" time="0.694" /><testcase classname="tests.backend_test.TestAdminAuthenticated" name="test_admin_appointments" time="0.914" /><testcase classname="tests.test_iteration3.TestRegister" name="test_register_doctor_prefix" time="1.362" /><testcase classname="tests.backend_test.TestPublicContent" name="test_blog_list" time="0.450" /><testcase classname="tests.test_iteration3.TestLogin" name="test_login_wrong_password_401" time="1.019" /><testcase classname="tests.backend_test.TestAdminAuthenticated" name="test_admin_can_access_doctor" time="0.715" /><testcase classname="tests.backend_test.TestPublicContent" name="test_blog_filter_by_category" time="0.455" /><testcase classname="tests.test_iteration3.TestRegister" name="test_register_short_password_422" time="0.331" /><testcase classname="tests.backend_test.TestPublicContent" name="test_blog_detail" time="0.379" /><testcase classname="tests.backend_test.TestPatientAuthenticated" name="test_patient_appointment" time="0.579" /><testcase classname="tests.test_iteration2.TestLabOrders" name="test_create_lab_order_requires_auth" time="0.295" /><testcase classname="tests.test_iteration3.TestRegister" name="test_register_duplicate_409" time="0.941" /><testcase classname="tests.test_iteration3.TestLogin" name="test_login_unknown_email_401" time="0.471" /><testcase classname="tests.test_iteration2.TestLabOrders" name="test_create_lab_order_success" time="0.945" /><testcase classname="tests.backend_test.TestPublicContent" name="test_blog_detail_404" time="0.421" /><testcase classname="tests.test_iteration2.TestMessaging" name="test_threads_list" time="1.631" /><testcase classname="tests.test_iteration4.TestChangePassword" name="test_change_password_wrong_current_401" time="0.998" /><testcase classname="tests.backend_test.TestPatientAuthenticated" name="test_patient_appointment_invalid_doctor" time="0.462" /><testcase classname="tests.backend_test.TestPublicContent" name="test_faqs" time="0.228" /><testcase classname="tests.test_iteration3.TestLogin" name="test_login_brute_force_429" time="7.257"><failure message="AssertionError: expected a 429 in [401, 401, 401, 401, 401, 401, 401, 401, 401, 401, 401, 401]&#10;assert 429 in [401, 401, 401, 401, 401, 401, ...]">tests/test_iteration3.py:112: in test_login_brute_force_429
    assert 429 in codes, f"expected a 429 in {codes}"
E   AssertionError: expected a 429 in [401, 401, 401, 401, 401, 401, 401, 401, 401, 401, 401, 401]
E   assert 429 in [401, 401, 401, 401, 401, 401, ...]</failure></testcase><testcase classname="tests.backend_test.TestPublicContent" name="test_platform_stats" time="0.233" /><testcase classname="tests.backend_test.TestPatientAuthenticated" name="test_patient_goal" time="0.229" /><testcase classname="tests.test_iteration3.TestSessionLifecycle" name="test_refresh_without_cookie_401" time="0.198" /><testcase classname="tests.backend_test.TestContactNewsletter" name="test_contact_submit" time="0.534" /><testcase classname="tests.test_iteration3.TestSessionLifecycle" name="test_refresh_with_access_token_as_refresh_401" time="1.073" /><testcase classname="tests.backend_test.TestPatientAuthenticated" name="test_patient_cannot_access_doctor" time="0.781" /><testcase classname="tests.test_iteration2.TestLabOrders" name="test_create_lab_order_unknown_test" time="0.763" /><testcase classname="tests.test_iteration2.TestDoctorNotes" name="test_note_requires_doctor_role" time="2.201" /><testcase classname="tests.test_iteration4.TestChangePassword" name="test_change_password_requires_auth" time="0.447" /><testcase classname="tests.backend_test.TestContactNewsletter" name="test_newsletter_subscribe" time="0.234" /><testcase classname="tests.test_iteration4.TestChangePassword" name="test_change_password_short_new_422" time="1.721" /><testcase classname="tests.test_iteration4.TestAddPassword" name="test_add_password_google_only_success" time="0.301"><failure message="AssertionError: {&quot;detail&quot;:&quot;Please sign in again to change security settings.&quot;}&#10;assert 401 == 200&#10; +  where 401 = &lt;Response [401]&gt;.status_code">tests/test_iteration4.py:331: in test_add_password_google_only_success
    assert r.status_code == 200, r.text
E   AssertionError: {"detail":"Please sign in again to change security settings."}
E   assert 401 == 200
E    +  where 401 = &lt;Response [401]&gt;.status_code</failure></testcase><testcase classname="tests.test_iteration4.TestRefreshRotation" name="test_refresh_rotates_both_tokens" time="3.150" /><testcase classname="tests.backend_test.TestDoctorAuthenticated" name="test_doctor_dashboard" time="1.434" /><testcase classname="tests.backend_test.TestPatientAuthenticated" name="test_patient_cannot_access_admin" time="0.296" /><testcase classname="tests.test_iteration3.TestSessionLifecycle" name="test_logout_clears_cookies" time="1.395" /><testcase classname="tests.test_iteration2.TestDoctorLabReports" name="test_doctor_can_view_lab_reports" time="2.154" /><testcase classname="tests.test_iteration4.TestAddPassword" name="test_add_password_conflict_409_when_already_has_password" time="1.373" /><testcase classname="tests.backend_test.TestDoctorAuthenticated" name="test_doctor_cannot_access_admin" time="0.278" /><testcase classname="tests.test_iteration2.TestDoctorNotes" name="test_note_unknown_patient" time="0.275" /><testcase classname="tests.test_iteration2.TestLabReports" name="test_upload_lab_report_requires_auth" time="0.302" /><testcase classname="tests.test_iteration4.TestAddPassword" name="test_add_password_requires_auth" time="0.292" /><testcase classname="tests.test_iteration4.TestChangePassword" name="test_change_password_when_no_password_400" time="0.510" /><testcase classname="tests.test_iteration4.TestRefreshSessionCreation" name="test_register_persists_refresh_jti" time="0.750" /><testcase classname="tests.test_iteration2.TestDoctorNotes" name="test_list_notes_requires_doctor" time="0.517" /><testcase classname="tests.test_iteration4.TestAddPassword" name="test_add_password_short_422" time="0.228"><failure message="assert 401 == 422&#10; +  where 401 = &lt;Response [401]&gt;.status_code">tests/test_iteration4.py:357: in test_add_password_short_422
    assert r.status_code == 422
E   assert 401 == 422
E    +  where 401 = &lt;Response [401]&gt;.status_code</failure></testcase><testcase classname="tests.test_iteration2.TestLabReports" name="test_upload_lab_report_and_no_blob_returned" time="1.161" /><testcase classname="tests.test_iteration3.TestAdminAccess" name="test_admin_stats_users_appointments" time="3.097" /><testcase classname="tests.test_iteration3.TestGoogleSessionFallback" name="test_session_token_bearer_still_works" time="0.472" /><testcase classname="tests.test_iteration2.TestLabTests" name="test_list_lab_tests_seeded" time="0.467" /><testcase classname="tests.test_iteration4.TestRefreshSessionCreation" name="test_login_persists_refresh_jti" time="2.742"><failure message="assert 401 == 200&#10; +  where 401 = &lt;Response [401]&gt;.status_code">tests/test_iteration4.py:137: in test_login_persists_refresh_jti
    assert r.status_code == 200
E   assert 401 == 200
E    +  where 401 = &lt;Response [401]&gt;.status_code</failure></testcase><testcase classname="tests.test_iteration2.TestDoctorLabReports" name="test_patient_cannot_view_doctor_lab_reports" time="0.690" /><testcase classname="tests.test_iteration4.TestResetPasswordRevokesAll" name="test_reset_password_revokes_all_sessions" time="13.694"><failure message="AssertionError: reset token not in logs after polling&#10;assert None">tests/test_iteration4.py:247: in test_reset_password_revokes_all_sessions
    assert token, "reset token not in logs after polling"
E   AssertionError: reset token not in logs after polling
E   assert None</failure></testcase><testcase classname="tests.test_iteration4.TestRegisterVsGoogleOnly" name="test_register_refuses_google_only_email_409" time="0.464" /><testcase classname="tests.test_iteration4.TestRefreshRotation" name="test_refresh_reuse_detection_revokes_family_401" time="2.876" /><testcase classname="tests.backend_test.TestAIAssessment" name="test_ai_assessment_basic" time="5.962" /><testcase classname="tests.test_iteration3.TestPasswordReset" name="test_forgot_password_no_enumeration_and_full_reset_flow" time="3.602"><failure message="assert 400 == 200&#10; +  where 400 = &lt;Response [400]&gt;.status_code">tests/test_iteration3.py:218: in test_forgot_password_no_enumeration_and_full_reset_flow
    assert r_ok.status_code == 200
E   assert 400 == 200
E    +  where 400 = &lt;Response [400]&gt;.status_code</failure></testcase><testcase classname="tests.test_iteration4.TestLogoutRevoke" name="test_logout_removes_current_refresh_session" time="0.942" /><testcase classname="tests.test_iteration3.TestAdminAccess" name="test_admin_endpoints_forbidden_for_patient" time="0.785" /><testcase classname="tests.test_iteration4.TestRefreshRotation" name="test_refresh_after_logout_fails" time="0.733" /><testcase classname="tests.test_iteration4.TestSecurityState" name="test_security_password_only_user" time="0.595" /><testcase classname="tests.test_iteration4.TestSecurityState" name="test_security_google_only_user" time="0.111" /><testcase classname="tests.test_iteration4.TestSecurityState" name="test_security_requires_auth" time="0.149" /><testcase classname="tests.test_iteration4.TestGoogleSessionRegression" name="test_google_session_token_authenticates_me" time="0.114" /></testsuite></testsuites>