<?xml version="1.0" encoding="utf-8"?><testsuites name="pytest tests"><testsuite name="pytest" errors="0" failures="0" skipped="0" tests="32" time="10.991" timestamp="2026-07-14T13:20:54.491181+00:00" hostname="agent-env-41f771e8-5ab5-492b-b3d8-2b96912cc05b"><testcase classname="tests.backend_test.TestPublicContent" name="test_root" time="0.306" /><testcase classname="tests.backend_test.TestPatientAuthenticated" name="test_auth_me" time="0.330" /><testcase classname="tests.backend_test.TestPublicContent" name="test_doctors" time="0.157" /><testcase classname="tests.backend_test.TestPatientAuthenticated" name="test_patient_dashboard" time="0.120" /><testcase classname="tests.backend_test.TestPatientAuthenticated" name="test_patient_checkin" time="0.299" /><testcase classname="tests.backend_test.TestPublicContent" name="test_programs" time="0.138" /><testcase classname="tests.backend_test.TestPublicContent" name="test_plans" time="0.193" /><testcase classname="tests.backend_test.TestPatientAuthenticated" name="test_patient_appointment" time="0.154" /><testcase classname="tests.backend_test.TestPublicContent" name="test_testimonials" time="0.161" /><testcase classname="tests.backend_test.TestPatientAuthenticated" name="test_patient_appointment_invalid_doctor" time="0.109" /><testcase classname="tests.backend_test.TestPublicContent" name="test_blog_list" time="0.191" /><testcase classname="tests.backend_test.TestPatientAuthenticated" name="test_patient_goal" time="0.138" /><testcase classname="tests.backend_test.TestPublicContent" name="test_blog_filter_by_category" time="0.102" /><testcase classname="tests.backend_test.TestPatientAuthenticated" name="test_patient_cannot_access_doctor" time="0.115" /><testcase classname="tests.backend_test.TestPublicContent" name="test_blog_detail" time="0.111" /><testcase classname="tests.backend_test.TestPatientAuthenticated" name="test_patient_cannot_access_admin" time="0.125" /><testcase classname="tests.backend_test.TestPublicContent" name="test_blog_detail_404" time="0.109" /><testcase classname="tests.backend_test.TestAuthUnauthenticated" name="test_me_no_cookie" time="0.111" /><testcase classname="tests.backend_test.TestPublicContent" name="test_faqs" time="0.105" /><testcase classname="tests.backend_test.TestAuthUnauthenticated" name="test_patient_dashboard_no_auth" time="0.104" /><testcase classname="tests.backend_test.TestPublicContent" name="test_platform_stats" time="0.101" /><testcase classname="tests.backend_test.TestAuthUnauthenticated" name="test_doctor_dashboard_no_auth" time="0.137" /><testcase classname="tests.backend_test.TestAdminAuthenticated" name="test_admin_stats" time="0.120" /><testcase classname="tests.backend_test.TestAuthUnauthenticated" name="test_admin_stats_no_auth" time="0.102" /><testcase classname="tests.backend_test.TestAdminAuthenticated" name="test_admin_users" time="0.126" /><testcase classname="tests.backend_test.TestContactNewsletter" name="test_contact_submit" time="0.147" /><testcase classname="tests.backend_test.TestAdminAuthenticated" name="test_admin_appointments" time="0.112" /><testcase classname="tests.backend_test.TestContactNewsletter" name="test_newsletter_subscribe" time="0.150" /><testcase classname="tests.backend_test.TestAdminAuthenticated" name="test_admin_can_access_doctor" time="0.111" /><testcase classname="tests.backend_test.TestAIAssessment" name="test_ai_assessment_basic" time="8.089" /><testcase classname="tests.backend_test.TestDoctorAuthenticated" name="test_doctor_dashboard" time="1.500" /><testcase classname="tests.backend_test.TestDoctorAuthenticated" name="test_doctor_cannot_access_admin" time="0.112" /></testsuite></testsuites>