<?xml version="1.0" encoding="utf-8"?><testsuites name="pytest tests"><testsuite name="pytest" errors="0" failures="0" skipped="0" tests="115" time="29.222" timestamp="2026-07-16T17:52:42.331123+00:00" hostname="agent-env-41f771e8-5ab5-492b-b3d8-2b96912cc05b"><testcase classname="tests.backend_test.TestPublicContent" name="test_root" time="0.211" /><testcase classname="tests.backend_test.TestPatientAuthenticated" name="test_auth_me" time="0.162" /><testcase classname="tests.backend_test.TestPatientAuthenticated" name="test_patient_dashboard" time="0.127" /><testcase classname="tests.backend_test.TestPublicContent" name="test_doctors" time="0.125" /><testcase classname="tests.backend_test.TestPatientAuthenticated" name="test_patient_checkin" time="0.264" /><testcase classname="tests.backend_test.TestPublicContent" name="test_programs" time="0.147" /><testcase classname="tests.backend_test.TestPublicContent" name="test_plans" time="0.126" /><testcase classname="tests.backend_test.TestPatientAuthenticated" name="test_patient_appointment" time="0.132" /><testcase classname="tests.backend_test.TestPublicContent" name="test_testimonials" time="0.101" /><testcase classname="tests.backend_test.TestPatientAuthenticated" name="test_patient_appointment_invalid_doctor" time="0.132" /><testcase classname="tests.backend_test.TestPublicContent" name="test_blog_list" time="0.146" /><testcase classname="tests.backend_test.TestPatientAuthenticated" name="test_patient_goal" time="0.150" /><testcase classname="tests.backend_test.TestPublicContent" name="test_blog_filter_by_category" time="0.165" /><testcase classname="tests.backend_test.TestPatientAuthenticated" name="test_patient_cannot_access_doctor" time="0.110" /><testcase classname="tests.backend_test.TestPublicContent" name="test_blog_detail" time="0.143" /><testcase classname="tests.backend_test.TestPatientAuthenticated" name="test_patient_cannot_access_admin" time="0.129" /><testcase classname="tests.backend_test.TestPublicContent" name="test_blog_detail_404" time="0.110" /><testcase classname="tests.test_iteration5.TestPublicContentRegression" name="test_doctors_returns_6" time="0.109" /><testcase classname="tests.backend_test.TestPublicContent" name="test_faqs" time="0.121" /><testcase classname="tests.test_iteration5.TestPublicContentRegression" name="test_programs_returns_4" time="0.146" /><testcase classname="tests.backend_test.TestPublicContent" name="test_platform_stats" time="0.118" /><testcase classname="tests.test_iteration5.TestPublicContentRegression" name="test_plans_returns_3" time="0.134" /><testcase classname="tests.test_iteration3.TestSessionLifecycle" name="test_me_with_cookie_and_bearer" time="0.537" /><testcase classname="tests.test_iteration5.TestPublicContentRegression" name="test_testimonials_returns_4" time="0.247" /><testcase classname="tests.test_iteration5.TestPublicContentRegression" name="test_blog_returns_6" time="0.128" /><testcase classname="tests.test_iteration5.TestPublicContentRegression" name="test_faqs_returns_6" time="0.113" /><testcase classname="tests.test_iteration3.TestSessionLifecycle" name="test_me_unauthenticated_401" time="0.124" /><testcase classname="tests.test_iteration5.TestPublicContentRegression" name="test_lab_tests_returns_6" time="0.127" /><testcase classname="tests.test_iteration3.TestSessionLifecycle" name="test_refresh_rotates_access" time="1.537" /><testcase classname="tests.test_iteration5.TestPublicContentRegression" name="test_platform_stats_shape" time="0.309" /><testcase classname="tests.test_iteration4.TestChangePassword" name="test_change_password_success_revokes_all" time="2.114" /><testcase classname="tests.test_iteration3.TestSessionLifecycle" name="test_refresh_without_cookie_401" time="0.347" /><testcase classname="tests.test_iteration3.TestSessionLifecycle" name="test_refresh_with_access_token_as_refresh_401" time="0.676" /><testcase classname="tests.test_iteration4.TestChangePassword" name="test_change_password_wrong_current_401" time="0.905" /><testcase classname="tests.test_iteration3.TestSessionLifecycle" name="test_logout_clears_cookies" time="0.796" /><testcase classname="tests.backend_test.TestAuthUnauthenticated" name="test_me_no_cookie" time="0.159" /><testcase classname="tests.test_iteration4.TestChangePassword" name="test_change_password_requires_auth" time="0.230" /><testcase classname="tests.backend_test.TestAuthUnauthenticated" name="test_patient_dashboard_no_auth" time="0.116" /><testcase classname="tests.test_iteration4.TestChangePassword" name="test_change_password_short_new_422" time="0.387" /><testcase classname="tests.backend_test.TestAuthUnauthenticated" name="test_doctor_dashboard_no_auth" time="0.306" /><testcase classname="tests.backend_test.TestAuthUnauthenticated" name="test_admin_stats_no_auth" time="0.120" /><testcase classname="tests.test_iteration4.TestChangePassword" name="test_change_password_when_no_password_400" time="0.135" /><testcase classname="tests.test_iteration2.TestMessaging" name="test_send_requires_auth" time="0.110" /><testcase classname="tests.backend_test.TestAdminAuthenticated" name="test_admin_stats" time="0.117" /><testcase classname="tests.test_iteration2.TestMessaging" name="test_send_unknown_recipient" time="0.133" /><testcase classname="tests.backend_test.TestAdminAuthenticated" name="test_admin_users" time="0.132" /><testcase classname="tests.test_iteration2.TestMessaging" name="test_thread_deterministic_and_read_marking" time="0.498" /><testcase classname="tests.backend_test.TestAdminAuthenticated" name="test_admin_appointments" time="0.122" /><testcase classname="tests.backend_test.TestAdminAuthenticated" name="test_admin_can_access_doctor" time="0.135" /><testcase classname="tests.test_iteration3.TestRegister" name="test_register_success_sets_cookies_and_returns_user" time="0.402" /><testcase classname="tests.test_iteration2.TestMessaging" name="test_threads_list" time="0.687" /><testcase classname="tests.test_iteration3.TestRegister" name="test_register_doctor_prefix" time="0.332" /><testcase classname="tests.test_iteration3.TestRegister" name="test_register_short_password_422" time="0.098" /><testcase classname="tests.test_iteration3.TestRegister" name="test_register_duplicate_409" time="0.477" /><testcase classname="tests.test_iteration2.TestOnboarding" name="test_onboarding_bmi_and_default_recommendation" time="0.320" /><testcase classname="tests.test_iteration2.TestOnboarding" name="test_onboarding_diabetes_recommendation" time="0.129" /><testcase classname="tests.test_iteration2.TestOnboarding" name="test_onboarding_pcos_recommendation" time="0.096" /><testcase classname="tests.test_iteration3.TestLogin" name="test_admin_login_success" time="0.368" /><testcase classname="tests.test_iteration2.TestOnboarding" name="test_onboarding_no_auth_required" time="0.263" /><testcase classname="tests.test_iteration4.TestAddPassword" name="test_add_password_google_only_success" time="1.172" /><testcase classname="tests.test_iteration3.TestLogin" name="test_login_wrong_password_401" time="0.928" /><testcase classname="tests.test_iteration3.TestLogin" name="test_login_unknown_email_401" time="0.229" /><testcase classname="tests.test_iteration3.TestLogin" name="test_login_brute_force_429" time="3.720" /><testcase classname="tests.test_iteration4.TestAddPassword" name="test_add_password_conflict_409_when_already_has_password" time="0.604" /><testcase classname="tests.test_iteration4.TestAddPassword" name="test_add_password_requires_auth" time="0.228" /><testcase classname="tests.test_iteration4.TestAddPassword" name="test_add_password_short_422" time="0.346" /><testcase classname="tests.test_iteration2.TestDoctorNotes" name="test_note_requires_doctor_role" time="0.845" /><testcase classname="tests.test_iteration2.TestDoctorNotes" name="test_note_unknown_patient" time="0.296" /><testcase classname="tests.test_iteration2.TestDoctorNotes" name="test_list_notes_requires_doctor" time="0.271" /><testcase classname="tests.test_iteration4.TestRefreshRotation" name="test_refresh_rotates_both_tokens" time="1.786" /><testcase classname="tests.test_iteration2.TestLabOrders" name="test_create_lab_order_requires_auth" time="0.103" /><testcase classname="tests.test_iteration2.TestLabOrders" name="test_create_lab_order_success" time="0.233" /><testcase classname="tests.test_iteration2.TestLabOrders" name="test_create_lab_order_unknown_test" time="0.707" /><testcase classname="tests.test_iteration4.TestRefreshRotation" name="test_refresh_reuse_detection_revokes_family_401" time="0.837" /><testcase classname="tests.test_iteration4.TestSecurityState" name="test_security_password_only_user" time="0.420" /><testcase classname="tests.test_iteration4.TestSecurityState" name="test_security_google_only_user" time="0.105" /><testcase classname="tests.test_iteration4.TestRefreshRotation" name="test_refresh_after_logout_fails" time="0.652" /><testcase classname="tests.test_iteration4.TestSecurityState" name="test_security_requires_auth" time="0.259" /><testcase classname="tests.test_iteration5.TestLastAuthAtStamping" name="test_register_stamps_last_auth_at" time="0.328" /><testcase classname="tests.test_iteration5.TestAddPasswordFreshAuthGuard" name="test_add_password_fresh_google_session_success" time="1.163" /><testcase classname="tests.test_iteration5.TestLastAuthAtStamping" name="test_login_stamps_last_auth_at" time="1.156" /><testcase classname="tests.test_iteration5.TestLastAuthAtStamping" name="test_refresh_does_not_update_last_auth_at" time="1.619" /><testcase classname="tests.test_iteration5.TestAddPasswordFreshAuthGuard" name="test_add_password_stale_session_401_with_specific_message" time="0.342" /><testcase classname="tests.test_iteration5.TestAddPasswordFreshAuthGuard" name="test_add_password_no_last_auth_at_401" time="0.109" /><testcase classname="tests.test_iteration5.TestAdminRegression" name="test_admin_stats" time="0.396" /><testcase classname="tests.test_iteration5.TestAdminRegression" name="test_admin_users" time="0.404" /><testcase classname="tests.test_iteration5.TestAdminRegression" name="test_admin_appointments" time="0.417" /><testcase classname="tests.test_iteration5.TestSecurityShapeIter5" name="test_security_returns_fresh_auth_fields" time="0.401" /><testcase classname="tests.backend_test.TestContactNewsletter" name="test_contact_submit" time="0.282" /><testcase classname="tests.backend_test.TestContactNewsletter" name="test_newsletter_subscribe" time="0.149" /><testcase classname="tests.test_iteration5.TestSecurityShapeIter5" name="test_security_fresh_auth_false_when_stale" time="0.764" /><testcase classname="tests.backend_test.TestDoctorAuthenticated" name="test_doctor_dashboard" time="0.254" /><testcase classname="tests.backend_test.TestDoctorAuthenticated" name="test_doctor_cannot_access_admin" time="0.397" /><testcase classname="tests.test_iteration2.TestDoctorLabReports" name="test_doctor_can_view_lab_reports" time="0.433" /><testcase classname="tests.test_iteration5.TestSecurityShapeIter5" name="test_security_google_only_user_fields_present" time="0.122" /><testcase classname="tests.test_iteration2.TestLabReports" name="test_upload_lab_report_requires_auth" time="0.104" /><testcase classname="tests.test_iteration2.TestLabReports" name="test_upload_lab_report_and_no_blob_returned" time="0.243" /><testcase classname="tests.test_iteration2.TestDoctorLabReports" name="test_patient_cannot_view_doctor_lab_reports" time="0.146" /><testcase classname="tests.test_iteration4.TestRefreshSessionCreation" name="test_register_persists_refresh_jti" time="0.574" /><testcase classname="tests.test_iteration3.TestAdminAccess" name="test_admin_stats_users_appointments" time="0.831" /><testcase classname="tests.test_iteration4.TestRefreshSessionCreation" name="test_login_persists_refresh_jti" time="0.923" /><testcase classname="tests.test_iteration3.TestAdminAccess" name="test_admin_endpoints_forbidden_for_patient" time="0.620" /><testcase classname="tests.test_iteration5.TestContactAndNewsletter" name="test_contact_form" time="0.172" /><testcase classname="tests.backend_test.TestAIAssessment" name="test_ai_assessment_basic" time="5.164" /><testcase classname="tests.test_iteration5.TestContactAndNewsletter" name="test_newsletter" time="1.363" /><testcase classname="tests.test_iteration3.TestPasswordReset" name="test_forgot_password_no_enumeration_and_full_reset_flow" time="2.307" /><testcase classname="tests.test_iteration4.TestLogoutRevoke" name="test_logout_removes_current_refresh_session" time="0.393" /><testcase classname="tests.test_iteration4.TestResetPasswordRevokesAll" name="test_reset_password_revokes_all_sessions" time="1.874" /><testcase classname="tests.test_iteration2.TestLabTests" name="test_list_lab_tests_seeded" time="0.183" /><testcase classname="tests.test_iteration3.TestGoogleSessionFallback" name="test_session_token_bearer_still_works" time="0.253" /><testcase classname="tests.test_iteration5.TestPatientEndpointsRegression" name="test_patient_dashboard_checkin_goal" time="0.698" /><testcase classname="tests.test_iteration4.TestRegisterVsGoogleOnly" name="test_register_refuses_google_only_email_409" time="0.173" /><testcase classname="tests.test_iteration4.TestGoogleSessionRegression" name="test_google_session_token_authenticates_me" time="0.172" /><testcase classname="tests.test_iteration5.TestMessagesRegression" name="test_thread_list_smoke" time="0.425" /><testcase classname="tests.test_iteration5.TestRegisterGoogleOnly409" name="test_register_refuses_google_only_email" time="0.119" /></testsuite></testsuites>