<?xml version="1.0" encoding="utf-8"?><testsuites name="pytest tests"><testsuite name="pytest" errors="0" failures="0" skipped="0" tests="90" time="90.472" timestamp="2026-07-16T17:29:47.708632+00:00" hostname="agent-env-41f771e8-5ab5-492b-b3d8-2b96912cc05b"><testcase classname="tests.backend_test.TestPublicContent" name="test_root" time="0.262" /><testcase classname="tests.backend_test.TestPatientAuthenticated" name="test_auth_me" time="0.186" /><testcase classname="tests.backend_test.TestPatientAuthenticated" name="test_patient_dashboard" time="0.132" /><testcase classname="tests.backend_test.TestPublicContent" name="test_doctors" time="0.135" /><testcase classname="tests.backend_test.TestPatientAuthenticated" name="test_patient_checkin" time="0.242" /><testcase classname="tests.backend_test.TestPublicContent" name="test_programs" time="0.101" /><testcase classname="tests.backend_test.TestPublicContent" name="test_plans" time="0.112" /><testcase classname="tests.backend_test.TestPatientAuthenticated" name="test_patient_appointment" time="0.148" /><testcase classname="tests.backend_test.TestPublicContent" name="test_testimonials" time="0.116" /><testcase classname="tests.backend_test.TestPatientAuthenticated" name="test_patient_appointment_invalid_doctor" time="0.120" /><testcase classname="tests.backend_test.TestPublicContent" name="test_blog_list" time="0.107" /><testcase classname="tests.backend_test.TestPatientAuthenticated" name="test_patient_goal" time="0.111" /><testcase classname="tests.backend_test.TestPublicContent" name="test_blog_filter_by_category" time="0.161" /><testcase classname="tests.backend_test.TestPatientAuthenticated" name="test_patient_cannot_access_doctor" time="0.154" /><testcase classname="tests.backend_test.TestPublicContent" name="test_blog_detail" time="0.138" /><testcase classname="tests.backend_test.TestPatientAuthenticated" name="test_patient_cannot_access_admin" time="0.143" /><testcase classname="tests.backend_test.TestPublicContent" name="test_blog_detail_404" time="0.123" /><testcase classname="tests.test_iteration3.TestSessionLifecycle" name="test_me_with_cookie_and_bearer" time="0.553" /><testcase classname="tests.backend_test.TestPublicContent" name="test_faqs" time="0.308" /><testcase classname="tests.backend_test.TestPublicContent" name="test_platform_stats" time="0.143" /><testcase classname="tests.test_iteration4.TestChangePassword" name="test_change_password_success_revokes_all" time="2.096" /><testcase classname="tests.test_iteration3.TestSessionLifecycle" name="test_me_unauthenticated_401" time="0.247" /><testcase classname="tests.test_iteration3.TestSessionLifecycle" name="test_refresh_rotates_access" time="1.765" /><testcase classname="tests.test_iteration3.TestSessionLifecycle" name="test_refresh_without_cookie_401" time="0.106" /><testcase classname="tests.test_iteration4.TestChangePassword" name="test_change_password_wrong_current_401" time="0.854" /><testcase classname="tests.test_iteration3.TestSessionLifecycle" name="test_refresh_with_access_token_as_refresh_401" time="0.750" /><testcase classname="tests.test_iteration4.TestChangePassword" name="test_change_password_requires_auth" time="0.122" /><testcase classname="tests.test_iteration3.TestSessionLifecycle" name="test_logout_clears_cookies" time="0.735" /><testcase classname="tests.test_iteration4.TestChangePassword" name="test_change_password_short_new_422" time="0.556" /><testcase classname="tests.test_iteration4.TestChangePassword" name="test_change_password_when_no_password_400" time="0.170" /><testcase classname="tests.backend_test.TestAuthUnauthenticated" name="test_me_no_cookie" time="0.104" /><testcase classname="tests.backend_test.TestAuthUnauthenticated" name="test_patient_dashboard_no_auth" time="0.100" /><testcase classname="tests.backend_test.TestAdminAuthenticated" name="test_admin_stats" time="0.152" /><testcase classname="tests.backend_test.TestAuthUnauthenticated" name="test_doctor_dashboard_no_auth" time="0.124" /><testcase classname="tests.backend_test.TestAdminAuthenticated" name="test_admin_users" time="0.118" /><testcase classname="tests.backend_test.TestAuthUnauthenticated" name="test_admin_stats_no_auth" time="0.100" /><testcase classname="tests.backend_test.TestAdminAuthenticated" name="test_admin_appointments" time="0.127" /><testcase classname="tests.test_iteration2.TestMessaging" name="test_send_requires_auth" time="0.112" /><testcase classname="tests.backend_test.TestAdminAuthenticated" name="test_admin_can_access_doctor" time="0.128" /><testcase classname="tests.test_iteration2.TestMessaging" name="test_send_unknown_recipient" time="0.161" /><testcase classname="tests.test_iteration2.TestOnboarding" name="test_onboarding_bmi_and_default_recommendation" time="0.112" /><testcase classname="tests.test_iteration2.TestMessaging" name="test_thread_deterministic_and_read_marking" time="0.469" /><testcase classname="tests.test_iteration2.TestOnboarding" name="test_onboarding_diabetes_recommendation" time="0.125" /><testcase classname="tests.test_iteration2.TestOnboarding" name="test_onboarding_pcos_recommendation" time="0.101" /><testcase classname="tests.test_iteration2.TestOnboarding" name="test_onboarding_no_auth_required" time="0.139" /><testcase classname="tests.test_iteration3.TestLogin" name="test_admin_login_success" time="0.323" /><testcase classname="tests.test_iteration2.TestMessaging" name="test_threads_list" time="0.644" /><testcase classname="tests.test_iteration3.TestLogin" name="test_login_wrong_password_401" time="0.724" /><testcase classname="tests.test_iteration3.TestRegister" name="test_register_success_sets_cookies_and_returns_user" time="0.584" /><testcase classname="tests.test_iteration3.TestLogin" name="test_login_unknown_email_401" time="0.231" /><testcase classname="tests.test_iteration3.TestLogin" name="test_login_brute_force_429" time="3.592" /><testcase classname="tests.test_iteration3.TestRegister" name="test_register_doctor_prefix" time="0.559" /><testcase classname="tests.test_iteration3.TestRegister" name="test_register_short_password_422" time="0.274" /><testcase classname="tests.test_iteration3.TestRegister" name="test_register_duplicate_409" time="1.001" /><testcase classname="tests.test_iteration2.TestLabOrders" name="test_create_lab_order_requires_auth" time="0.287" /><testcase classname="tests.test_iteration2.TestLabOrders" name="test_create_lab_order_success" time="0.536" /><testcase classname="tests.test_iteration2.TestLabOrders" name="test_create_lab_order_unknown_test" time="0.279" /><testcase classname="tests.test_iteration2.TestDoctorNotes" name="test_note_requires_doctor_role" time="0.659" /><testcase classname="tests.test_iteration4.TestAddPassword" name="test_add_password_google_only_success" time="0.706" /><testcase classname="tests.test_iteration2.TestDoctorNotes" name="test_note_unknown_patient" time="0.350" /><testcase classname="tests.test_iteration2.TestDoctorNotes" name="test_list_notes_requires_doctor" time="0.343" /><testcase classname="tests.test_iteration4.TestRefreshRotation" name="test_refresh_rotates_both_tokens" time="1.639" /><testcase classname="tests.test_iteration4.TestAddPassword" name="test_add_password_conflict_409_when_already_has_password" time="0.648" /><testcase classname="tests.test_iteration4.TestAddPassword" name="test_add_password_requires_auth" time="0.125" /><testcase classname="tests.test_iteration4.TestAddPassword" name="test_add_password_short_422" time="0.107" /><testcase classname="tests.test_iteration4.TestSecurityState" name="test_security_password_only_user" time="0.396" /><testcase classname="tests.test_iteration4.TestSecurityState" name="test_security_google_only_user" time="0.136" /><testcase classname="tests.test_iteration4.TestSecurityState" name="test_security_requires_auth" time="0.102" /><testcase classname="tests.backend_test.TestContactNewsletter" name="test_contact_submit" time="0.119" /><testcase classname="tests.test_iteration4.TestRefreshRotation" name="test_refresh_reuse_detection_revokes_family_401" time="0.709" /><testcase classname="tests.backend_test.TestContactNewsletter" name="test_newsletter_subscribe" time="0.098" /><testcase classname="tests.backend_test.TestDoctorAuthenticated" name="test_doctor_dashboard" time="0.247" /><testcase classname="tests.backend_test.TestDoctorAuthenticated" name="test_doctor_cannot_access_admin" time="0.120" /><testcase classname="tests.test_iteration2.TestDoctorLabReports" name="test_doctor_can_view_lab_reports" time="0.611" /><testcase classname="tests.test_iteration4.TestRefreshRotation" name="test_refresh_after_logout_fails" time="0.573" /><testcase classname="tests.test_iteration2.TestDoctorLabReports" name="test_patient_cannot_view_doctor_lab_reports" time="0.150" /><testcase classname="tests.test_iteration3.TestAdminAccess" name="test_admin_stats_users_appointments" time="0.554" /><testcase classname="tests.test_iteration2.TestLabReports" name="test_upload_lab_report_requires_auth" time="0.294" /><testcase classname="tests.test_iteration2.TestLabReports" name="test_upload_lab_report_and_no_blob_returned" time="0.257" /><testcase classname="tests.test_iteration3.TestAdminAccess" name="test_admin_endpoints_forbidden_for_patient" time="1.846" /><testcase classname="tests.backend_test.TestAIAssessment" name="test_ai_assessment_basic" time="5.789" /><testcase classname="tests.test_iteration4.TestRefreshSessionCreation" name="test_register_persists_refresh_jti" time="0.366" /><testcase classname="tests.test_iteration4.TestRefreshSessionCreation" name="test_login_persists_refresh_jti" time="0.703" /><testcase classname="tests.test_iteration3.TestGoogleSessionFallback" name="test_session_token_bearer_still_works" time="0.371" /><testcase classname="tests.test_iteration4.TestLogoutRevoke" name="test_logout_removes_current_refresh_session" time="0.392" /><testcase classname="tests.test_iteration4.TestResetPasswordRevokesAll" name="test_reset_password_revokes_all_sessions" time="70.084" /><testcase classname="tests.test_iteration2.TestLabTests" name="test_list_lab_tests_seeded" time="19.559" /><testcase classname="tests.test_iteration3.TestPasswordReset" name="test_forgot_password_no_enumeration_and_full_reset_flow" time="13.845" /><testcase classname="tests.test_iteration4.TestRegisterVsGoogleOnly" name="test_register_refuses_google_only_email_409" time="0.118" /><testcase classname="tests.test_iteration4.TestGoogleSessionRegression" name="test_google_session_token_authenticates_me" time="0.148" /></testsuite></testsuites>